2025-01-10 08:55:20,574 - Rank 1 started
2025-01-10 08:55:20,574 - Waiting for task from master
2025-01-10 08:55:20,576 - Received task from master
2025-01-10 08:55:20,576 - Waiting for task from master
2025-01-10 08:55:20,576 - Received task from master
2025-01-10 08:55:20,576 - Status: New block
2025-01-10 08:55:20,576 - {'index': 0, 'data': 'Genesis Block', 'timestamp': 1736495720.574418, 'prev_hash': '0', 'difficulty': 5, 'nonce': 0, 'hash': '52aaf85943d28a4523180e1123194054610a02202ae89de629af480505ca7cbd'}
2025-01-10 08:55:20,678 - Mined block found:
2025-01-10 08:55:20,679 - Waiting for task from master
2025-01-10 08:55:20,681 - Received task from master
2025-01-10 08:55:20,681 - Waiting for task from master
2025-01-10 08:55:20,681 - Received task from master
2025-01-10 08:55:20,681 - Status: New block
2025-01-10 08:55:20,681 - {'index': 0, 'data': 'Genesis Block', 'timestamp': 1736495720.574418, 'prev_hash': '0', 'difficulty': 5, 'nonce': 0, 'hash': '52aaf85943d28a4523180e1123194054610a02202ae89de629af480505ca7cbd'}
2025-01-10 08:55:34,915 - Mined block found:
2025-01-10 08:55:34,915 - Waiting for task from master
2025-01-10 08:55:34,917 - Received task from master
2025-01-10 08:55:34,917 - Waiting for task from master
2025-01-10 08:55:34,917 - Received task from master
2025-01-10 08:55:34,917 - Status: New block
2025-01-10 08:55:34,917 - {'index': 0, 'data': 'Genesis Block', 'timestamp': 1736495720.574418, 'prev_hash': '0', 'difficulty': 5, 'nonce': 0, 'hash': '52aaf85943d28a4523180e1123194054610a02202ae89de629af480505ca7cbd'}
2025-01-10 08:55:46,093 - Mined block found:
2025-01-10 08:55:46,093 - Waiting for task from master
2025-01-10 08:55:46,094 - Received task from master
2025-01-10 08:55:46,094 - Waiting for task from master
2025-01-10 08:55:46,094 - Received task from master
2025-01-10 08:55:46,095 - Status: New block
2025-01-10 08:55:46,095 - {'index': 0, 'data': 'Genesis Block', 'timestamp': 1736495720.574418, 'prev_hash': '0', 'difficulty': 5, 'nonce': 0, 'hash': '52aaf85943d28a4523180e1123194054610a02202ae89de629af480505ca7cbd'}
2025-01-10 08:55:54,489 - Mined block found:
2025-01-10 08:55:54,490 - Waiting for task from master
2025-01-10 08:55:54,492 - Received task from master
2025-01-10 08:55:54,492 - Waiting for task from master
2025-01-10 08:55:54,493 - Received task from master
2025-01-10 08:55:54,493 - Status: New block
2025-01-10 08:55:54,493 - {'index': 0, 'data': 'Genesis Block', 'timestamp': 1736495720.574418, 'prev_hash': '0', 'difficulty': 5, 'nonce': 0, 'hash': '52aaf85943d28a4523180e1123194054610a02202ae89de629af480505ca7cbd'}
2025-01-10 08:55:55,450 - Mined block found:
2025-01-10 08:55:55,450 - Waiting for task from master
2025-01-10 08:55:55,451 - Received task from master
2025-01-10 08:55:55,451 - Waiting for task from master
2025-01-10 08:55:55,451 - Received task from master
2025-01-10 08:55:55,451 - Status: New block
2025-01-10 08:55:55,451 - {'index': 0, 'data': 'Genesis Block', 'timestamp': 1736495720.574418, 'prev_hash': '0', 'difficulty': 5, 'nonce': 0, 'hash': '52aaf85943d28a4523180e1123194054610a02202ae89de629af480505ca7cbd'}
2025-01-10 08:55:56,516 - Mined block found:
2025-01-10 08:55:56,517 - Waiting for task from master
2025-01-10 08:55:56,518 - Received task from master
2025-01-10 08:55:56,518 - Waiting for task from master
2025-01-10 08:55:56,518 - Received task from master
2025-01-10 08:55:56,518 - Status: New block
2025-01-10 08:55:56,518 - {'index': 0, 'data': 'Genesis Block', 'timestamp': 1736495720.574418, 'prev_hash': '0', 'difficulty': 5, 'nonce': 0, 'hash': '52aaf85943d28a4523180e1123194054610a02202ae89de629af480505ca7cbd'}
2025-01-10 08:56:13,597 - Mined block found:
2025-01-10 08:56:13,597 - Waiting for task from master
2025-01-10 08:56:13,598 - Received task from master
2025-01-10 08:56:13,598 - Waiting for task from master
2025-01-10 08:56:13,598 - Received task from master
2025-01-10 08:56:13,599 - Status: New block
2025-01-10 08:56:13,599 - {'index': 0, 'data': 'Genesis Block', 'timestamp': 1736495720.574418, 'prev_hash': '0', 'difficulty': 5, 'nonce': 0, 'hash': '52aaf85943d28a4523180e1123194054610a02202ae89de629af480505ca7cbd'}
2025-01-10 08:56:19,829 - Mined block found:
2025-01-10 08:56:19,829 - Waiting for task from master
2025-01-10 08:56:19,830 - Received task from master
2025-01-10 08:56:19,830 - Waiting for task from master
2025-01-10 08:56:19,830 - Received task from master
2025-01-10 08:56:19,830 - Status: New block
2025-01-10 08:56:19,830 - {'index': 0, 'data': 'Genesis Block', 'timestamp': 1736495720.574418, 'prev_hash': '0', 'difficulty': 5, 'nonce': 0, 'hash': '52aaf85943d28a4523180e1123194054610a02202ae89de629af480505ca7cbd'}
2025-01-10 08:56:21,059 - Mined block found:
2025-01-10 08:56:21,059 - Waiting for task from master
2025-01-10 08:56:21,060 - Received task from master
2025-01-10 08:56:21,060 - Waiting for task from master
2025-01-10 08:56:21,060 - Received task from master
2025-01-10 08:56:21,060 - Status: New block
2025-01-10 08:56:21,060 - {'index': 0, 'data': 'Genesis Block', 'timestamp': 1736495720.574418, 'prev_hash': '0', 'difficulty': 5, 'nonce': 0, 'hash': '52aaf85943d28a4523180e1123194054610a02202ae89de629af480505ca7cbd'}
2025-01-10 08:56:26,719 - Mined block found:
2025-01-10 08:56:26,719 - Waiting for task from master
2025-01-10 08:56:26,721 - Received task from master
2025-01-10 08:56:26,721 - Waiting for task from master
2025-01-10 08:56:26,721 - Received task from master
2025-01-10 08:56:26,721 - Status: New block
2025-01-10 08:56:26,721 - {'index': 0, 'data': 'Genesis Block', 'timestamp': 1736495720.574418, 'prev_hash': '0', 'difficulty': 5, 'nonce': 0, 'hash': '52aaf85943d28a4523180e1123194054610a02202ae89de629af480505ca7cbd'}
2025-01-10 08:56:28,906 - Mined block found:
2025-01-10 08:56:28,906 - Waiting for task from master
2025-01-10 08:56:28,907 - Received task from master
2025-01-10 08:56:28,907 - Waiting for task from master
2025-01-10 08:56:28,907 - Received task from master
2025-01-10 08:56:28,908 - Status: New block
2025-01-10 08:56:28,908 - {'index': 0, 'data': 'Genesis Block', 'timestamp': 1736495720.574418, 'prev_hash': '0', 'difficulty': 5, 'nonce': 0, 'hash': '52aaf85943d28a4523180e1123194054610a02202ae89de629af480505ca7cbd'}
2025-01-10 08:56:34,161 - Mined block found:
2025-01-10 08:56:34,161 - Waiting for task from master
2025-01-10 08:56:34,162 - Received task from master
2025-01-10 08:56:34,163 - Waiting for task from master
2025-01-10 08:56:34,163 - Received task from master
2025-01-10 08:56:34,163 - Status: New block
2025-01-10 08:56:34,163 - {'index': 0, 'data': 'Genesis Block', 'timestamp': 1736495720.574418, 'prev_hash': '0', 'difficulty': 5, 'nonce': 0, 'hash': '52aaf85943d28a4523180e1123194054610a02202ae89de629af480505ca7cbd'}
2025-01-10 08:56:34,696 - Mined block found:
2025-01-10 08:56:34,696 - Waiting for task from master
2025-01-10 08:56:34,697 - Received task from master
2025-01-10 08:56:34,697 - Waiting for task from master
2025-01-10 08:56:34,697 - Received task from master
2025-01-10 08:56:34,698 - Status: New block
2025-01-10 08:56:34,698 - {'index': 0, 'data': 'Genesis Block', 'timestamp': 1736495720.574418, 'prev_hash': '0', 'difficulty': 5, 'nonce': 0, 'hash': '52aaf85943d28a4523180e1123194054610a02202ae89de629af480505ca7cbd'}
2025-01-10 08:56:36,540 - Mined block found:
2025-01-10 08:56:36,540 - Waiting for task from master
2025-01-10 08:56:36,541 - Received task from master
2025-01-10 08:56:36,541 - Waiting for task from master
2025-01-10 08:56:36,541 - Received task from master
2025-01-10 08:56:36,541 - Status: New block
2025-01-10 08:56:36,541 - {'index': 0, 'data': 'Genesis Block', 'timestamp': 1736495720.574418, 'prev_hash': '0', 'difficulty': 5, 'nonce': 0, 'hash': '52aaf85943d28a4523180e1123194054610a02202ae89de629af480505ca7cbd'}
2025-01-10 08:56:39,068 - Mined block found:
2025-01-10 08:56:39,068 - Waiting for task from master
2025-01-10 08:56:39,069 - Received task from master
2025-01-10 08:56:39,069 - Waiting for task from master
2025-01-10 08:56:39,069 - Received task from master
2025-01-10 08:56:39,069 - Status: New block
2025-01-10 08:56:39,069 - {'index': 0, 'data': 'Genesis Block', 'timestamp': 1736495720.574418, 'prev_hash': '0', 'difficulty': 5, 'nonce': 0, 'hash': '52aaf85943d28a4523180e1123194054610a02202ae89de629af480505ca7cbd'}
