2025-01-10 08:55:20,573 - Rank 2 started
2025-01-10 08:55:20,573 - Waiting for task from master
2025-01-10 08:55:20,574 - Received task from master
2025-01-10 08:55:20,574 - Waiting for task from master
2025-01-10 08:55:20,574 - Received task from master
2025-01-10 08:55:20,574 - Status: New block
2025-01-10 08:55:20,574 - {'index': 0, 'data': 'Genesis Block', 'timestamp': 1736495720.5727105, 'prev_hash': '0', 'difficulty': 5, 'nonce': 0, 'hash': 'cd95325a1a24fe35e524dfbffa589412b2b4144182c1d2880bf1892172016e9b'}
2025-01-10 08:55:32,831 - Mined block found:
2025-01-10 08:55:32,831 - Waiting for task from master
2025-01-10 08:55:32,831 - Received task from master
2025-01-10 08:55:32,831 - Waiting for task from master
2025-01-10 08:55:32,831 - Received task from master
2025-01-10 08:55:32,831 - Status: New block
2025-01-10 08:55:32,831 - {'index': 0, 'data': 'Genesis Block', 'timestamp': 1736495720.5727105, 'prev_hash': '0', 'difficulty': 5, 'nonce': 0, 'hash': 'cd95325a1a24fe35e524dfbffa589412b2b4144182c1d2880bf1892172016e9b'}
2025-01-10 08:55:46,032 - Mined block found:
2025-01-10 08:55:46,032 - Waiting for task from master
2025-01-10 08:55:46,032 - Received task from master
2025-01-10 08:55:46,032 - Waiting for task from master
2025-01-10 08:55:46,032 - Received task from master
2025-01-10 08:55:46,032 - Status: New block
2025-01-10 08:55:46,032 - {'index': 0, 'data': 'Genesis Block', 'timestamp': 1736495720.5727105, 'prev_hash': '0', 'difficulty': 5, 'nonce': 0, 'hash': 'cd95325a1a24fe35e524dfbffa589412b2b4144182c1d2880bf1892172016e9b'}
2025-01-10 08:55:54,245 - Mined block found:
2025-01-10 08:55:54,245 - Waiting for task from master
2025-01-10 08:55:54,245 - Received task from master
2025-01-10 08:55:54,245 - Waiting for task from master
2025-01-10 08:55:54,245 - Received task from master
2025-01-10 08:55:54,245 - Status: New block
2025-01-10 08:55:54,245 - {'index': 0, 'data': 'Genesis Block', 'timestamp': 1736495720.5727105, 'prev_hash': '0', 'difficulty': 5, 'nonce': 0, 'hash': 'cd95325a1a24fe35e524dfbffa589412b2b4144182c1d2880bf1892172016e9b'}
2025-01-10 08:55:56,856 - Mined block found:
2025-01-10 08:55:56,857 - Waiting for task from master
2025-01-10 08:55:56,857 - Received task from master
2025-01-10 08:55:56,857 - Waiting for task from master
2025-01-10 08:55:56,857 - Received task from master
2025-01-10 08:55:56,857 - Status: New block
2025-01-10 08:55:56,857 - {'index': 0, 'data': 'Genesis Block', 'timestamp': 1736495720.5727105, 'prev_hash': '0', 'difficulty': 5, 'nonce': 0, 'hash': 'cd95325a1a24fe35e524dfbffa589412b2b4144182c1d2880bf1892172016e9b'}
2025-01-10 08:56:00,720 - Mined block found:
2025-01-10 08:56:00,720 - Waiting for task from master
2025-01-10 08:56:00,721 - Received task from master
2025-01-10 08:56:00,721 - Waiting for task from master
2025-01-10 08:56:00,721 - Received task from master
2025-01-10 08:56:00,721 - Status: New block
2025-01-10 08:56:00,721 - {'index': 0, 'data': 'Genesis Block', 'timestamp': 1736495720.5727105, 'prev_hash': '0', 'difficulty': 5, 'nonce': 0, 'hash': 'cd95325a1a24fe35e524dfbffa589412b2b4144182c1d2880bf1892172016e9b'}
2025-01-10 08:56:01,499 - Mined block found:
2025-01-10 08:56:01,499 - Waiting for task from master
2025-01-10 08:56:01,499 - Received task from master
2025-01-10 08:56:01,499 - Waiting for task from master
2025-01-10 08:56:01,499 - Received task from master
2025-01-10 08:56:01,499 - Status: New block
2025-01-10 08:56:01,499 - {'index': 0, 'data': 'Genesis Block', 'timestamp': 1736495720.5727105, 'prev_hash': '0', 'difficulty': 5, 'nonce': 0, 'hash': 'cd95325a1a24fe35e524dfbffa589412b2b4144182c1d2880bf1892172016e9b'}
2025-01-10 08:56:01,607 - Mined block found:
2025-01-10 08:56:01,607 - Waiting for task from master
2025-01-10 08:56:13,598 - Received task from master
2025-01-10 08:56:13,598 - Waiting for task from master
2025-01-10 08:56:13,599 - Received task from master
2025-01-10 08:56:13,599 - Status: New block
2025-01-10 08:56:13,599 - {'index': 0, 'data': 'Genesis Block', 'timestamp': 1736495720.5727105, 'prev_hash': '0', 'difficulty': 5, 'nonce': 0, 'hash': 'cd95325a1a24fe35e524dfbffa589412b2b4144182c1d2880bf1892172016e9b'}
2025-01-10 08:56:27,794 - Mined block found:
2025-01-10 08:56:27,794 - Waiting for task from master
2025-01-10 08:56:27,795 - Received task from master
2025-01-10 08:56:27,795 - Waiting for task from master
2025-01-10 08:56:27,795 - Received task from master
2025-01-10 08:56:27,795 - Status: New block
2025-01-10 08:56:27,795 - {'index': 0, 'data': 'Genesis Block', 'timestamp': 1736495720.5727105, 'prev_hash': '0', 'difficulty': 5, 'nonce': 0, 'hash': 'cd95325a1a24fe35e524dfbffa589412b2b4144182c1d2880bf1892172016e9b'}
2025-01-10 08:56:35,499 - Mined block found:
2025-01-10 08:56:35,499 - Waiting for task from master
2025-01-10 08:56:35,499 - Received task from master
2025-01-10 08:56:35,500 - Waiting for task from master
2025-01-10 08:56:35,500 - Received task from master
2025-01-10 08:56:35,500 - Status: New block
2025-01-10 08:56:35,500 - {'index': 0, 'data': 'Genesis Block', 'timestamp': 1736495720.5727105, 'prev_hash': '0', 'difficulty': 5, 'nonce': 0, 'hash': 'cd95325a1a24fe35e524dfbffa589412b2b4144182c1d2880bf1892172016e9b'}
2025-01-10 08:56:42,211 - Mined block found:
2025-01-10 08:56:42,211 - Waiting for task from master
2025-01-10 08:56:42,211 - Received task from master
2025-01-10 08:56:42,211 - Waiting for task from master
2025-01-10 08:56:42,211 - Received task from master
2025-01-10 08:56:42,211 - Status: New block
2025-01-10 08:56:42,211 - {'index': 0, 'data': 'Genesis Block', 'timestamp': 1736495720.5727105, 'prev_hash': '0', 'difficulty': 5, 'nonce': 0, 'hash': 'cd95325a1a24fe35e524dfbffa589412b2b4144182c1d2880bf1892172016e9b'}
